[2024-10-19T21:19:46.242+0000] {taskinstance.py:1157} INFO - Dependencies all met for dep_context=non-requeueable deps ti=<TaskInstance: etl_linkedin_pipeline.linkedin_extraction manual__2024-10-19T21:19:45.171984+00:00 [queued]>
[2024-10-19T21:19:46.246+0000] {taskinstance.py:1157} INFO - Dependencies all met for dep_context=requeueable deps ti=<TaskInstance: etl_linkedin_pipeline.linkedin_extraction manual__2024-10-19T21:19:45.171984+00:00 [queued]>
[2024-10-19T21:19:46.246+0000] {taskinstance.py:1359} INFO - Starting attempt 1 of 1
[2024-10-19T21:19:46.253+0000] {taskinstance.py:1380} INFO - Executing <Task(PythonOperator): linkedin_extraction> on 2024-10-19 21:19:45.171984+00:00
[2024-10-19T21:19:46.258+0000] {standard_task_runner.py:57} INFO - Started process 81 to run task
[2024-10-19T21:19:46.262+0000] {standard_task_runner.py:84} INFO - Running: ['airflow', 'tasks', 'run', 'etl_linkedin_pipeline', 'linkedin_extraction', 'manual__2024-10-19T21:19:45.171984+00:00', '--job-id', '11', '--raw', '--subdir', 'DAGS_FOLDER/linkedin_dag.py', '--cfg-path', '/tmp/tmpwi6zcr1n']
[2024-10-19T21:19:46.266+0000] {standard_task_runner.py:85} INFO - Job 11: Subtask linkedin_extraction
[2024-10-19T21:19:46.292+0000] {task_command.py:415} INFO - Running <TaskInstance: etl_linkedin_pipeline.linkedin_extraction manual__2024-10-19T21:19:45.171984+00:00 [running]> on host b05e8c546023
[2024-10-19T21:19:46.322+0000] {taskinstance.py:1660} INFO - Exporting env vars: AIRFLOW_CTX_DAG_OWNER='Yunus Emre KORKMAZ' AIRFLOW_CTX_DAG_ID='etl_linkedin_pipeline' AIRFLOW_CTX_TASK_ID='linkedin_extraction' AIRFLOW_CTX_EXECUTION_DATE='2024-10-19T21:19:45.171984+00:00' AIRFLOW_CTX_TRY_NUMBER='1' AIRFLOW_CTX_DAG_RUN_ID='manual__2024-10-19T21:19:45.171984+00:00'
[2024-10-19T21:19:46.323+0000] {logging_mixin.py:151} INFO - config/config.json
[2024-10-19T21:19:46.901+0000] {logging_mixin.py:151} INFO - Finished scraping page:  https://www.linkedin.com/jobs-guest/jobs/api/seeMoreJobPostings/search?keywords=Python%20developer&location=T%C3%BCrkiye&f_TPR=&f_WT=&geoId=&f_TPR=r84600&start=0
[2024-10-19T21:19:47.491+0000] {logging_mixin.py:151} INFO - Finished scraping page:  https://www.linkedin.com/jobs-guest/jobs/api/seeMoreJobPostings/search?keywords=Python%20developer&location=T%C3%BCrkiye&f_TPR=&f_WT=&geoId=&f_TPR=r84600&start=25
[2024-10-19T21:19:47.845+0000] {logging_mixin.py:151} INFO - Finished scraping page:  https://www.linkedin.com/jobs-guest/jobs/api/seeMoreJobPostings/search?keywords=Python%20developer&location=T%C3%BCrkiye&f_TPR=&f_WT=&geoId=&f_TPR=r84600&start=50
[2024-10-19T21:19:48.222+0000] {logging_mixin.py:151} INFO - Finished scraping page:  https://www.linkedin.com/jobs-guest/jobs/api/seeMoreJobPostings/search?keywords=Python%20developer&location=T%C3%BCrkiye&f_TPR=&f_WT=&geoId=&f_TPR=r84600&start=75
[2024-10-19T21:19:48.822+0000] {logging_mixin.py:151} INFO - Finished scraping page:  https://www.linkedin.com/jobs-guest/jobs/api/seeMoreJobPostings/search?keywords=Python%20developer&location=T%C3%BCrkiye&f_TPR=&f_WT=&geoId=&f_TPR=r84600&start=100
[2024-10-19T21:19:49.190+0000] {logging_mixin.py:151} INFO - Finished scraping page:  https://www.linkedin.com/jobs-guest/jobs/api/seeMoreJobPostings/search?keywords=Machine%20Learning%20Engineer&location=T%C3%BCrkiye&f_TPR=&f_WT=&geoId=&f_TPR=r84600&start=0
[2024-10-19T21:19:49.559+0000] {logging_mixin.py:151} INFO - Finished scraping page:  https://www.linkedin.com/jobs-guest/jobs/api/seeMoreJobPostings/search?keywords=Machine%20Learning%20Engineer&location=T%C3%BCrkiye&f_TPR=&f_WT=&geoId=&f_TPR=r84600&start=25
[2024-10-19T21:19:49.987+0000] {logging_mixin.py:151} INFO - Finished scraping page:  https://www.linkedin.com/jobs-guest/jobs/api/seeMoreJobPostings/search?keywords=Machine%20Learning%20Engineer&location=T%C3%BCrkiye&f_TPR=&f_WT=&geoId=&f_TPR=r84600&start=50
[2024-10-19T21:19:50.370+0000] {logging_mixin.py:151} INFO - Finished scraping page:  https://www.linkedin.com/jobs-guest/jobs/api/seeMoreJobPostings/search?keywords=Machine%20Learning%20Engineer&location=T%C3%BCrkiye&f_TPR=&f_WT=&geoId=&f_TPR=r84600&start=75
[2024-10-19T21:19:50.739+0000] {logging_mixin.py:151} INFO - Finished scraping page:  https://www.linkedin.com/jobs-guest/jobs/api/seeMoreJobPostings/search?keywords=Machine%20Learning%20Engineer&location=T%C3%BCrkiye&f_TPR=&f_WT=&geoId=&f_TPR=r84600&start=100
[2024-10-19T21:19:51.090+0000] {logging_mixin.py:151} INFO - Finished scraping page:  https://www.linkedin.com/jobs-guest/jobs/api/seeMoreJobPostings/search?keywords=Artificial%20Intelligence%20Engineer&location=T%C3%BCrkiye&f_TPR=&f_WT=&geoId=&f_TPR=r84600&start=0
[2024-10-19T21:19:51.688+0000] {logging_mixin.py:151} INFO - Finished scraping page:  https://www.linkedin.com/jobs-guest/jobs/api/seeMoreJobPostings/search?keywords=Artificial%20Intelligence%20Engineer&location=T%C3%BCrkiye&f_TPR=&f_WT=&geoId=&f_TPR=r84600&start=25
[2024-10-19T21:19:52.402+0000] {logging_mixin.py:151} INFO - Finished scraping page:  https://www.linkedin.com/jobs-guest/jobs/api/seeMoreJobPostings/search?keywords=Artificial%20Intelligence%20Engineer&location=T%C3%BCrkiye&f_TPR=&f_WT=&geoId=&f_TPR=r84600&start=50
[2024-10-19T21:19:52.760+0000] {logging_mixin.py:151} INFO - Finished scraping page:  https://www.linkedin.com/jobs-guest/jobs/api/seeMoreJobPostings/search?keywords=Artificial%20Intelligence%20Engineer&location=T%C3%BCrkiye&f_TPR=&f_WT=&geoId=&f_TPR=r84600&start=75
[2024-10-19T21:19:53.181+0000] {logging_mixin.py:151} INFO - Finished scraping page:  https://www.linkedin.com/jobs-guest/jobs/api/seeMoreJobPostings/search?keywords=Artificial%20Intelligence%20Engineer&location=T%C3%BCrkiye&f_TPR=&f_WT=&geoId=&f_TPR=r84600&start=100
[2024-10-19T21:19:53.570+0000] {logging_mixin.py:151} INFO - Finished scraping page:  https://www.linkedin.com/jobs-guest/jobs/api/seeMoreJobPostings/search?keywords=Deep%20Learning%20Engineer&location=T%C3%BCrkiye&f_TPR=&f_WT=&geoId=&f_TPR=r84600&start=0
[2024-10-19T21:19:54.098+0000] {logging_mixin.py:151} INFO - Finished scraping page:  https://www.linkedin.com/jobs-guest/jobs/api/seeMoreJobPostings/search?keywords=Deep%20Learning%20Engineer&location=T%C3%BCrkiye&f_TPR=&f_WT=&geoId=&f_TPR=r84600&start=25
[2024-10-19T21:19:54.477+0000] {logging_mixin.py:151} INFO - Finished scraping page:  https://www.linkedin.com/jobs-guest/jobs/api/seeMoreJobPostings/search?keywords=Deep%20Learning%20Engineer&location=T%C3%BCrkiye&f_TPR=&f_WT=&geoId=&f_TPR=r84600&start=50
[2024-10-19T21:19:54.785+0000] {logging_mixin.py:151} INFO - Finished scraping page:  https://www.linkedin.com/jobs-guest/jobs/api/seeMoreJobPostings/search?keywords=Deep%20Learning%20Engineer&location=T%C3%BCrkiye&f_TPR=&f_WT=&geoId=&f_TPR=r84600&start=75
[2024-10-19T21:19:55.324+0000] {logging_mixin.py:151} INFO - Finished scraping page:  https://www.linkedin.com/jobs-guest/jobs/api/seeMoreJobPostings/search?keywords=Deep%20Learning%20Engineer&location=T%C3%BCrkiye&f_TPR=&f_WT=&geoId=&f_TPR=r84600&start=100
[2024-10-19T21:19:55.698+0000] {logging_mixin.py:151} INFO - Finished scraping page:  https://www.linkedin.com/jobs-guest/jobs/api/seeMoreJobPostings/search?keywords=Data%20Engineer&location=T%C3%BCrkiye&f_TPR=&f_WT=&geoId=&f_TPR=r84600&start=0
[2024-10-19T21:19:56.268+0000] {logging_mixin.py:151} INFO - Finished scraping page:  https://www.linkedin.com/jobs-guest/jobs/api/seeMoreJobPostings/search?keywords=Data%20Engineer&location=T%C3%BCrkiye&f_TPR=&f_WT=&geoId=&f_TPR=r84600&start=25
[2024-10-19T21:19:56.661+0000] {logging_mixin.py:151} INFO - Finished scraping page:  https://www.linkedin.com/jobs-guest/jobs/api/seeMoreJobPostings/search?keywords=Data%20Engineer&location=T%C3%BCrkiye&f_TPR=&f_WT=&geoId=&f_TPR=r84600&start=50
[2024-10-19T21:19:57.028+0000] {logging_mixin.py:151} INFO - Finished scraping page:  https://www.linkedin.com/jobs-guest/jobs/api/seeMoreJobPostings/search?keywords=Data%20Engineer&location=T%C3%BCrkiye&f_TPR=&f_WT=&geoId=&f_TPR=r84600&start=75
[2024-10-19T21:19:57.384+0000] {logging_mixin.py:151} INFO - Finished scraping page:  https://www.linkedin.com/jobs-guest/jobs/api/seeMoreJobPostings/search?keywords=Data%20Engineer&location=T%C3%BCrkiye&f_TPR=&f_WT=&geoId=&f_TPR=r84600&start=100
[2024-10-19T21:19:57.385+0000] {logging_mixin.py:151} INFO - Total job cards scraped:  0
[2024-10-19T21:19:57.385+0000] {logging_mixin.py:151} INFO - Total job cards after removing duplicates:  0
[2024-10-19T21:19:57.385+0000] {logging_mixin.py:151} INFO - Total job cards after removing irrelevant jobs:  0
[2024-10-19T21:19:57.385+0000] {logging_mixin.py:151} INFO - No jobs found
[2024-10-19T21:19:57.393+0000] {python.py:194} INFO - Done. Returned value was: None
[2024-10-19T21:19:57.397+0000] {taskinstance.py:1398} INFO - Marking task as SUCCESS. dag_id=etl_linkedin_pipeline, task_id=linkedin_extraction, execution_date=20241019T211945, start_date=20241019T211946, end_date=20241019T211957
[2024-10-19T21:19:57.441+0000] {local_task_job_runner.py:228} INFO - Task exited with return code 0
[2024-10-19T21:19:57.451+0000] {taskinstance.py:2776} INFO - 1 downstream tasks scheduled from follow-on schedule check
