[2024-10-19T19:57:54.959+0000] {taskinstance.py:1157} INFO - Dependencies all met for dep_context=non-requeueable deps ti=<TaskInstance: etl_linkedin_pipeline.linkedin_extraction scheduled__2024-10-18T00:00:00+00:00 [queued]>
[2024-10-19T19:57:55.005+0000] {taskinstance.py:1157} INFO - Dependencies all met for dep_context=requeueable deps ti=<TaskInstance: etl_linkedin_pipeline.linkedin_extraction scheduled__2024-10-18T00:00:00+00:00 [queued]>
[2024-10-19T19:57:55.007+0000] {taskinstance.py:1359} INFO - Starting attempt 1 of 1
[2024-10-19T19:57:55.576+0000] {taskinstance.py:1380} INFO - Executing <Task(PythonOperator): linkedin_extraction> on 2024-10-18 00:00:00+00:00
[2024-10-19T19:57:56.063+0000] {standard_task_runner.py:57} INFO - Started process 50 to run task
[2024-10-19T19:57:56.105+0000] {standard_task_runner.py:84} INFO - Running: ['airflow', 'tasks', 'run', 'etl_linkedin_pipeline', 'linkedin_extraction', 'scheduled__2024-10-18T00:00:00+00:00', '--job-id', '2', '--raw', '--subdir', 'DAGS_FOLDER/linkedin_dag.py', '--cfg-path', '/tmp/tmpveycmn68']
[2024-10-19T19:57:56.911+0000] {standard_task_runner.py:85} INFO - Job 2: Subtask linkedin_extraction
[2024-10-19T19:57:56.974+0000] {task_command.py:415} INFO - Running <TaskInstance: etl_linkedin_pipeline.linkedin_extraction scheduled__2024-10-18T00:00:00+00:00 [running]> on host b05e8c546023
[2024-10-19T19:57:57.562+0000] {taskinstance.py:1660} INFO - Exporting env vars: AIRFLOW_CTX_DAG_OWNER='Yunus Emre KORKMAZ' AIRFLOW_CTX_DAG_ID='etl_linkedin_pipeline' AIRFLOW_CTX_TASK_ID='linkedin_extraction' AIRFLOW_CTX_EXECUTION_DATE='2024-10-18T00:00:00+00:00' AIRFLOW_CTX_TRY_NUMBER='1' AIRFLOW_CTX_DAG_RUN_ID='scheduled__2024-10-18T00:00:00+00:00'
[2024-10-19T19:57:57.568+0000] {taskinstance.py:1935} ERROR - Task failed with exception
Traceback (most recent call last):
  File "/home/airflow/.local/lib/python3.9/site-packages/airflow/operators/python.py", line 192, in execute
    return_value = self.execute_callable()
  File "/home/airflow/.local/lib/python3.9/site-packages/airflow/operators/python.py", line 209, in execute_callable
    return self.python_callable(*self.op_args, **self.op_kwargs)
  File "/opt/airflow/pipelines/linkedin_pipeline.py", line 8, in linkedin_pipeline
    jobs_list = extract_jobs(config_file) # manage config file
  File "/opt/airflow/etls/linkedin_etl.py", line 22, in extract_jobs
    config = load_config(config_file)
  File "/opt/airflow/etls/linkedin_etl.py", line 16, in load_config
    with open(os.path.join(os.path.dirname(__file__), file_name)) as f:
FileNotFoundError: [Errno 2] No such file or directory: '/opt/airflow/etls/config.json'
[2024-10-19T19:57:57.587+0000] {taskinstance.py:1398} INFO - Marking task as FAILED. dag_id=etl_linkedin_pipeline, task_id=linkedin_extraction, execution_date=20241018T000000, start_date=20241019T195754, end_date=20241019T195757
[2024-10-19T19:57:57.642+0000] {standard_task_runner.py:104} ERROR - Failed to execute job 2 for task linkedin_extraction ([Errno 2] No such file or directory: '/opt/airflow/etls/config.json'; 50)
[2024-10-19T19:57:57.652+0000] {local_task_job_runner.py:228} INFO - Task exited with return code 1
[2024-10-19T19:57:57.667+0000] {taskinstance.py:2776} INFO - 0 downstream tasks scheduled from follow-on schedule check
[2024-10-19T21:31:02.704+0000] {taskinstance.py:1157} INFO - Dependencies all met for dep_context=non-requeueable deps ti=<TaskInstance: etl_linkedin_pipeline.linkedin_extraction scheduled__2024-10-18T00:00:00+00:00 [queued]>
[2024-10-19T21:31:02.708+0000] {taskinstance.py:1157} INFO - Dependencies all met for dep_context=requeueable deps ti=<TaskInstance: etl_linkedin_pipeline.linkedin_extraction scheduled__2024-10-18T00:00:00+00:00 [queued]>
[2024-10-19T21:31:02.708+0000] {taskinstance.py:1359} INFO - Starting attempt 1 of 1
[2024-10-19T21:31:02.712+0000] {taskinstance.py:1380} INFO - Executing <Task(PythonOperator): linkedin_extraction> on 2024-10-18 00:00:00+00:00
[2024-10-19T21:31:02.715+0000] {standard_task_runner.py:57} INFO - Started process 50 to run task
[2024-10-19T21:31:02.717+0000] {standard_task_runner.py:84} INFO - Running: ['airflow', 'tasks', 'run', 'etl_linkedin_pipeline', 'linkedin_extraction', 'scheduled__2024-10-18T00:00:00+00:00', '--job-id', '2', '--raw', '--subdir', 'DAGS_FOLDER/linkedin_dag.py', '--cfg-path', '/tmp/tmpmcoj18wu']
[2024-10-19T21:31:02.719+0000] {standard_task_runner.py:85} INFO - Job 2: Subtask linkedin_extraction
[2024-10-19T21:31:02.747+0000] {task_command.py:415} INFO - Running <TaskInstance: etl_linkedin_pipeline.linkedin_extraction scheduled__2024-10-18T00:00:00+00:00 [running]> on host f8b3869263f0
[2024-10-19T21:31:02.774+0000] {taskinstance.py:1660} INFO - Exporting env vars: AIRFLOW_CTX_DAG_OWNER='Yunus Emre KORKMAZ' AIRFLOW_CTX_DAG_ID='etl_linkedin_pipeline' AIRFLOW_CTX_TASK_ID='linkedin_extraction' AIRFLOW_CTX_EXECUTION_DATE='2024-10-18T00:00:00+00:00' AIRFLOW_CTX_TRY_NUMBER='1' AIRFLOW_CTX_DAG_RUN_ID='scheduled__2024-10-18T00:00:00+00:00'
[2024-10-19T21:31:02.775+0000] {logging_mixin.py:151} INFO - config/config.json
[2024-10-19T21:31:03.152+0000] {logging_mixin.py:151} INFO - Finished scraping page:  https://www.linkedin.com/jobs-guest/jobs/api/seeMoreJobPostings/search?keywords=Python%20developer&f_TPR=&f_WT=&geoId=&start=0
[2024-10-19T21:31:03.488+0000] {logging_mixin.py:151} INFO - Finished scraping page:  https://www.linkedin.com/jobs-guest/jobs/api/seeMoreJobPostings/search?keywords=Python%20developer&f_TPR=&f_WT=&geoId=&start=25
[2024-10-19T21:31:03.863+0000] {logging_mixin.py:151} INFO - Finished scraping page:  https://www.linkedin.com/jobs-guest/jobs/api/seeMoreJobPostings/search?keywords=Python%20developer&f_TPR=&f_WT=&geoId=&start=50
[2024-10-19T21:31:04.158+0000] {logging_mixin.py:151} INFO - Finished scraping page:  https://www.linkedin.com/jobs-guest/jobs/api/seeMoreJobPostings/search?keywords=Python%20developer&f_TPR=&f_WT=&geoId=&start=75
[2024-10-19T21:31:04.434+0000] {logging_mixin.py:151} INFO - Finished scraping page:  https://www.linkedin.com/jobs-guest/jobs/api/seeMoreJobPostings/search?keywords=Python%20developer&f_TPR=&f_WT=&geoId=&start=100
[2024-10-19T21:31:04.793+0000] {logging_mixin.py:151} INFO - Finished scraping page:  https://www.linkedin.com/jobs-guest/jobs/api/seeMoreJobPostings/search?keywords=Data%20Engineer&f_TPR=&f_WT=&geoId=&start=0
[2024-10-19T21:31:05.088+0000] {logging_mixin.py:151} INFO - Finished scraping page:  https://www.linkedin.com/jobs-guest/jobs/api/seeMoreJobPostings/search?keywords=Data%20Engineer&f_TPR=&f_WT=&geoId=&start=25
[2024-10-19T21:31:05.519+0000] {logging_mixin.py:151} INFO - Finished scraping page:  https://www.linkedin.com/jobs-guest/jobs/api/seeMoreJobPostings/search?keywords=Data%20Engineer&f_TPR=&f_WT=&geoId=&start=50
[2024-10-19T21:31:06.796+0000] {logging_mixin.py:151} INFO - Finished scraping page:  https://www.linkedin.com/jobs-guest/jobs/api/seeMoreJobPostings/search?keywords=Data%20Engineer&f_TPR=&f_WT=&geoId=&start=75
[2024-10-19T21:31:07.888+0000] {logging_mixin.py:151} INFO - Finished scraping page:  https://www.linkedin.com/jobs-guest/jobs/api/seeMoreJobPostings/search?keywords=Data%20Engineer&f_TPR=&f_WT=&geoId=&start=100
[2024-10-19T21:31:08.248+0000] {logging_mixin.py:151} INFO - Finished scraping page:  https://www.linkedin.com/jobs-guest/jobs/api/seeMoreJobPostings/search?keywords=ML%20Engineer&f_TPR=&f_WT=&geoId=&start=0
[2024-10-19T21:31:08.586+0000] {logging_mixin.py:151} INFO - Finished scraping page:  https://www.linkedin.com/jobs-guest/jobs/api/seeMoreJobPostings/search?keywords=ML%20Engineer&f_TPR=&f_WT=&geoId=&start=25
[2024-10-19T21:31:08.901+0000] {logging_mixin.py:151} INFO - Finished scraping page:  https://www.linkedin.com/jobs-guest/jobs/api/seeMoreJobPostings/search?keywords=ML%20Engineer&f_TPR=&f_WT=&geoId=&start=50
[2024-10-19T21:31:09.178+0000] {logging_mixin.py:151} INFO - Finished scraping page:  https://www.linkedin.com/jobs-guest/jobs/api/seeMoreJobPostings/search?keywords=ML%20Engineer&f_TPR=&f_WT=&geoId=&start=75
[2024-10-19T21:31:10.106+0000] {logging_mixin.py:151} INFO - Finished scraping page:  https://www.linkedin.com/jobs-guest/jobs/api/seeMoreJobPostings/search?keywords=ML%20Engineer&f_TPR=&f_WT=&geoId=&start=100
[2024-10-19T21:31:10.466+0000] {logging_mixin.py:151} INFO - Finished scraping page:  https://www.linkedin.com/jobs-guest/jobs/api/seeMoreJobPostings/search?keywords=AI%20Engineer&f_TPR=&f_WT=&geoId=&start=0
[2024-10-19T21:31:10.833+0000] {logging_mixin.py:151} INFO - Finished scraping page:  https://www.linkedin.com/jobs-guest/jobs/api/seeMoreJobPostings/search?keywords=AI%20Engineer&f_TPR=&f_WT=&geoId=&start=25
[2024-10-19T21:31:11.195+0000] {logging_mixin.py:151} INFO - Finished scraping page:  https://www.linkedin.com/jobs-guest/jobs/api/seeMoreJobPostings/search?keywords=AI%20Engineer&f_TPR=&f_WT=&geoId=&start=50
[2024-10-19T21:31:12.110+0000] {logging_mixin.py:151} INFO - Finished scraping page:  https://www.linkedin.com/jobs-guest/jobs/api/seeMoreJobPostings/search?keywords=AI%20Engineer&f_TPR=&f_WT=&geoId=&start=75
[2024-10-19T21:31:12.468+0000] {logging_mixin.py:151} INFO - Finished scraping page:  https://www.linkedin.com/jobs-guest/jobs/api/seeMoreJobPostings/search?keywords=AI%20Engineer&f_TPR=&f_WT=&geoId=&start=100
[2024-10-19T21:31:12.895+0000] {logging_mixin.py:151} INFO - Finished scraping page:  https://www.linkedin.com/jobs-guest/jobs/api/seeMoreJobPostings/search?keywords=Deep%20Learning%20Engineer&f_TPR=&f_WT=&geoId=&start=0
[2024-10-19T21:31:13.256+0000] {logging_mixin.py:151} INFO - Finished scraping page:  https://www.linkedin.com/jobs-guest/jobs/api/seeMoreJobPostings/search?keywords=Deep%20Learning%20Engineer&f_TPR=&f_WT=&geoId=&start=25
[2024-10-19T21:31:13.621+0000] {logging_mixin.py:151} INFO - Finished scraping page:  https://www.linkedin.com/jobs-guest/jobs/api/seeMoreJobPostings/search?keywords=Deep%20Learning%20Engineer&f_TPR=&f_WT=&geoId=&start=50
[2024-10-19T21:31:13.976+0000] {logging_mixin.py:151} INFO - Finished scraping page:  https://www.linkedin.com/jobs-guest/jobs/api/seeMoreJobPostings/search?keywords=Deep%20Learning%20Engineer&f_TPR=&f_WT=&geoId=&start=75
[2024-10-19T21:31:14.291+0000] {logging_mixin.py:151} INFO - Finished scraping page:  https://www.linkedin.com/jobs-guest/jobs/api/seeMoreJobPostings/search?keywords=Deep%20Learning%20Engineer&f_TPR=&f_WT=&geoId=&start=100
[2024-10-19T21:31:14.292+0000] {logging_mixin.py:151} INFO - Total job cards scraped:  40
[2024-10-19T21:31:14.292+0000] {logging_mixin.py:151} INFO - Total job cards after removing duplicates:  36
[2024-10-19T21:31:14.292+0000] {logging_mixin.py:151} INFO - Total job cards after removing irrelevant jobs:  0
[2024-10-19T21:31:14.293+0000] {logging_mixin.py:151} INFO - No jobs found
[2024-10-19T21:31:14.307+0000] {python.py:194} INFO - Done. Returned value was: None
[2024-10-19T21:31:14.314+0000] {taskinstance.py:1398} INFO - Marking task as SUCCESS. dag_id=etl_linkedin_pipeline, task_id=linkedin_extraction, execution_date=20241018T000000, start_date=20241019T213102, end_date=20241019T213114
[2024-10-19T21:31:14.353+0000] {local_task_job_runner.py:228} INFO - Task exited with return code 0
[2024-10-19T21:31:14.364+0000] {taskinstance.py:2776} INFO - 1 downstream tasks scheduled from follow-on schedule check
[2024-10-19T21:37:00.320+0000] {taskinstance.py:1157} INFO - Dependencies all met for dep_context=non-requeueable deps ti=<TaskInstance: etl_linkedin_pipeline.linkedin_extraction scheduled__2024-10-18T00:00:00+00:00 [queued]>
[2024-10-19T21:37:00.324+0000] {taskinstance.py:1157} INFO - Dependencies all met for dep_context=requeueable deps ti=<TaskInstance: etl_linkedin_pipeline.linkedin_extraction scheduled__2024-10-18T00:00:00+00:00 [queued]>
[2024-10-19T21:37:00.324+0000] {taskinstance.py:1359} INFO - Starting attempt 1 of 1
[2024-10-19T21:37:00.329+0000] {taskinstance.py:1380} INFO - Executing <Task(PythonOperator): linkedin_extraction> on 2024-10-18 00:00:00+00:00
[2024-10-19T21:37:00.332+0000] {standard_task_runner.py:57} INFO - Started process 50 to run task
[2024-10-19T21:37:00.334+0000] {standard_task_runner.py:84} INFO - Running: ['airflow', 'tasks', 'run', 'etl_linkedin_pipeline', 'linkedin_extraction', 'scheduled__2024-10-18T00:00:00+00:00', '--job-id', '2', '--raw', '--subdir', 'DAGS_FOLDER/linkedin_dag.py', '--cfg-path', '/tmp/tmp97p2enip']
[2024-10-19T21:37:00.336+0000] {standard_task_runner.py:85} INFO - Job 2: Subtask linkedin_extraction
[2024-10-19T21:37:00.359+0000] {task_command.py:415} INFO - Running <TaskInstance: etl_linkedin_pipeline.linkedin_extraction scheduled__2024-10-18T00:00:00+00:00 [running]> on host c113a6556633
[2024-10-19T21:37:00.389+0000] {taskinstance.py:1660} INFO - Exporting env vars: AIRFLOW_CTX_DAG_OWNER='Yunus Emre KORKMAZ' AIRFLOW_CTX_DAG_ID='etl_linkedin_pipeline' AIRFLOW_CTX_TASK_ID='linkedin_extraction' AIRFLOW_CTX_EXECUTION_DATE='2024-10-18T00:00:00+00:00' AIRFLOW_CTX_TRY_NUMBER='1' AIRFLOW_CTX_DAG_RUN_ID='scheduled__2024-10-18T00:00:00+00:00'
[2024-10-19T21:37:00.390+0000] {logging_mixin.py:151} INFO - config/config.json
[2024-10-19T21:37:00.781+0000] {logging_mixin.py:151} INFO - Finished scraping page:  https://www.linkedin.com/jobs-guest/jobs/api/seeMoreJobPostings/search?keywords=Python%20developer&f_TPR=&f_WT=&geoId=102424322&start=0
[2024-10-19T21:37:01.150+0000] {logging_mixin.py:151} INFO - Finished scraping page:  https://www.linkedin.com/jobs-guest/jobs/api/seeMoreJobPostings/search?keywords=Python%20developer&f_TPR=&f_WT=&geoId=102424322&start=25
[2024-10-19T21:37:01.502+0000] {logging_mixin.py:151} INFO - Finished scraping page:  https://www.linkedin.com/jobs-guest/jobs/api/seeMoreJobPostings/search?keywords=Python%20developer&f_TPR=&f_WT=&geoId=102424322&start=50
[2024-10-19T21:37:01.866+0000] {logging_mixin.py:151} INFO - Finished scraping page:  https://www.linkedin.com/jobs-guest/jobs/api/seeMoreJobPostings/search?keywords=Python%20developer&f_TPR=&f_WT=&geoId=102424322&start=75
[2024-10-19T21:37:02.218+0000] {logging_mixin.py:151} INFO - Finished scraping page:  https://www.linkedin.com/jobs-guest/jobs/api/seeMoreJobPostings/search?keywords=Python%20developer&f_TPR=&f_WT=&geoId=102424322&start=100
[2024-10-19T21:37:02.942+0000] {logging_mixin.py:151} INFO - Finished scraping page:  https://www.linkedin.com/jobs-guest/jobs/api/seeMoreJobPostings/search?keywords=Data%20Engineer&f_TPR=&f_WT=&geoId=102424322&start=0
[2024-10-19T21:37:03.267+0000] {logging_mixin.py:151} INFO - Finished scraping page:  https://www.linkedin.com/jobs-guest/jobs/api/seeMoreJobPostings/search?keywords=Data%20Engineer&f_TPR=&f_WT=&geoId=102424322&start=25
[2024-10-19T21:37:04.058+0000] {logging_mixin.py:151} INFO - Finished scraping page:  https://www.linkedin.com/jobs-guest/jobs/api/seeMoreJobPostings/search?keywords=Data%20Engineer&f_TPR=&f_WT=&geoId=102424322&start=50
[2024-10-19T21:37:04.447+0000] {logging_mixin.py:151} INFO - Finished scraping page:  https://www.linkedin.com/jobs-guest/jobs/api/seeMoreJobPostings/search?keywords=Data%20Engineer&f_TPR=&f_WT=&geoId=102424322&start=75
[2024-10-19T21:37:05.188+0000] {logging_mixin.py:151} INFO - Finished scraping page:  https://www.linkedin.com/jobs-guest/jobs/api/seeMoreJobPostings/search?keywords=Data%20Engineer&f_TPR=&f_WT=&geoId=102424322&start=100
[2024-10-19T21:37:05.572+0000] {logging_mixin.py:151} INFO - Finished scraping page:  https://www.linkedin.com/jobs-guest/jobs/api/seeMoreJobPostings/search?keywords=ML%20Engineer&f_TPR=&f_WT=&geoId=102424322&start=0
[2024-10-19T21:37:05.917+0000] {logging_mixin.py:151} INFO - Finished scraping page:  https://www.linkedin.com/jobs-guest/jobs/api/seeMoreJobPostings/search?keywords=ML%20Engineer&f_TPR=&f_WT=&geoId=102424322&start=25
[2024-10-19T21:37:06.250+0000] {logging_mixin.py:151} INFO - Finished scraping page:  https://www.linkedin.com/jobs-guest/jobs/api/seeMoreJobPostings/search?keywords=ML%20Engineer&f_TPR=&f_WT=&geoId=102424322&start=50
[2024-10-19T21:37:06.643+0000] {logging_mixin.py:151} INFO - Finished scraping page:  https://www.linkedin.com/jobs-guest/jobs/api/seeMoreJobPostings/search?keywords=ML%20Engineer&f_TPR=&f_WT=&geoId=102424322&start=75
[2024-10-19T21:37:07.081+0000] {logging_mixin.py:151} INFO - Finished scraping page:  https://www.linkedin.com/jobs-guest/jobs/api/seeMoreJobPostings/search?keywords=ML%20Engineer&f_TPR=&f_WT=&geoId=102424322&start=100
[2024-10-19T21:37:07.849+0000] {logging_mixin.py:151} INFO - Finished scraping page:  https://www.linkedin.com/jobs-guest/jobs/api/seeMoreJobPostings/search?keywords=AI%20Engineer&f_TPR=&f_WT=&geoId=102424322&start=0
[2024-10-19T21:37:08.192+0000] {logging_mixin.py:151} INFO - Finished scraping page:  https://www.linkedin.com/jobs-guest/jobs/api/seeMoreJobPostings/search?keywords=AI%20Engineer&f_TPR=&f_WT=&geoId=102424322&start=25
[2024-10-19T21:37:08.532+0000] {logging_mixin.py:151} INFO - Finished scraping page:  https://www.linkedin.com/jobs-guest/jobs/api/seeMoreJobPostings/search?keywords=AI%20Engineer&f_TPR=&f_WT=&geoId=102424322&start=50
[2024-10-19T21:37:08.904+0000] {logging_mixin.py:151} INFO - Finished scraping page:  https://www.linkedin.com/jobs-guest/jobs/api/seeMoreJobPostings/search?keywords=AI%20Engineer&f_TPR=&f_WT=&geoId=102424322&start=75
[2024-10-19T21:37:09.243+0000] {logging_mixin.py:151} INFO - Finished scraping page:  https://www.linkedin.com/jobs-guest/jobs/api/seeMoreJobPostings/search?keywords=AI%20Engineer&f_TPR=&f_WT=&geoId=102424322&start=100
[2024-10-19T21:37:09.619+0000] {logging_mixin.py:151} INFO - Finished scraping page:  https://www.linkedin.com/jobs-guest/jobs/api/seeMoreJobPostings/search?keywords=Deep%20Learning%20Engineer&f_TPR=&f_WT=&geoId=102424322&start=0
[2024-10-19T21:37:10.123+0000] {logging_mixin.py:151} INFO - Finished scraping page:  https://www.linkedin.com/jobs-guest/jobs/api/seeMoreJobPostings/search?keywords=Deep%20Learning%20Engineer&f_TPR=&f_WT=&geoId=102424322&start=25
[2024-10-19T21:37:10.515+0000] {logging_mixin.py:151} INFO - Finished scraping page:  https://www.linkedin.com/jobs-guest/jobs/api/seeMoreJobPostings/search?keywords=Deep%20Learning%20Engineer&f_TPR=&f_WT=&geoId=102424322&start=50
[2024-10-19T21:37:10.872+0000] {logging_mixin.py:151} INFO - Finished scraping page:  https://www.linkedin.com/jobs-guest/jobs/api/seeMoreJobPostings/search?keywords=Deep%20Learning%20Engineer&f_TPR=&f_WT=&geoId=102424322&start=75
[2024-10-19T21:37:11.318+0000] {logging_mixin.py:151} INFO - Finished scraping page:  https://www.linkedin.com/jobs-guest/jobs/api/seeMoreJobPostings/search?keywords=Deep%20Learning%20Engineer&f_TPR=&f_WT=&geoId=102424322&start=100
[2024-10-19T21:37:11.319+0000] {logging_mixin.py:151} INFO - Total job cards scraped:  40
[2024-10-19T21:37:11.320+0000] {logging_mixin.py:151} INFO - Total job cards after removing duplicates:  38
[2024-10-19T21:37:11.320+0000] {logging_mixin.py:151} INFO - Total job cards after removing irrelevant jobs:  0
[2024-10-19T21:37:11.321+0000] {logging_mixin.py:151} INFO - No jobs found
[2024-10-19T21:37:11.334+0000] {python.py:194} INFO - Done. Returned value was: None
[2024-10-19T21:37:11.341+0000] {taskinstance.py:1398} INFO - Marking task as SUCCESS. dag_id=etl_linkedin_pipeline, task_id=linkedin_extraction, execution_date=20241018T000000, start_date=20241019T213700, end_date=20241019T213711
[2024-10-19T21:37:11.365+0000] {local_task_job_runner.py:228} INFO - Task exited with return code 0
[2024-10-19T21:37:11.374+0000] {taskinstance.py:2776} INFO - 1 downstream tasks scheduled from follow-on schedule check
