[2024-10-19T21:01:01.199+0000] {taskinstance.py:1157} INFO - Dependencies all met for dep_context=non-requeueable deps ti=<TaskInstance: etl_reddit_pipeline.s3_upload scheduled__2024-10-18T00:00:00+00:00 [queued]>
[2024-10-19T21:01:01.206+0000] {taskinstance.py:1157} INFO - Dependencies all met for dep_context=requeueable deps ti=<TaskInstance: etl_reddit_pipeline.s3_upload scheduled__2024-10-18T00:00:00+00:00 [queued]>
[2024-10-19T21:01:01.207+0000] {taskinstance.py:1359} INFO - Starting attempt 1 of 1
[2024-10-19T21:01:01.214+0000] {taskinstance.py:1380} INFO - Executing <Task(PythonOperator): s3_upload> on 2024-10-18 00:00:00+00:00
[2024-10-19T21:01:01.219+0000] {standard_task_runner.py:57} INFO - Started process 74 to run task
[2024-10-19T21:01:01.221+0000] {standard_task_runner.py:84} INFO - Running: ['airflow', 'tasks', 'run', 'etl_reddit_pipeline', 's3_upload', 'scheduled__2024-10-18T00:00:00+00:00', '--job-id', '10', '--raw', '--subdir', 'DAGS_FOLDER/reddit_dag.py', '--cfg-path', '/tmp/tmp8t8397ek']
[2024-10-19T21:01:01.223+0000] {standard_task_runner.py:85} INFO - Job 10: Subtask s3_upload
[2024-10-19T21:01:01.252+0000] {task_command.py:415} INFO - Running <TaskInstance: etl_reddit_pipeline.s3_upload scheduled__2024-10-18T00:00:00+00:00 [running]> on host b05e8c546023
[2024-10-19T21:01:01.290+0000] {taskinstance.py:1660} INFO - Exporting env vars: AIRFLOW_CTX_DAG_OWNER='Yunus Emre KORKMAZ' AIRFLOW_CTX_DAG_ID='etl_reddit_pipeline' AIRFLOW_CTX_TASK_ID='s3_upload' AIRFLOW_CTX_EXECUTION_DATE='2024-10-18T00:00:00+00:00' AIRFLOW_CTX_TRY_NUMBER='1' AIRFLOW_CTX_DAG_RUN_ID='scheduled__2024-10-18T00:00:00+00:00'
[2024-10-19T21:01:02.078+0000] {logging_mixin.py:151} INFO - Bucket already exists
[2024-10-19T21:01:02.937+0000] {logging_mixin.py:151} INFO - File uploaded to s3
[2024-10-19T21:01:02.938+0000] {python.py:194} INFO - Done. Returned value was: None
[2024-10-19T21:01:02.956+0000] {taskinstance.py:1398} INFO - Marking task as SUCCESS. dag_id=etl_reddit_pipeline, task_id=s3_upload, execution_date=20241018T000000, start_date=20241019T210101, end_date=20241019T210102
[2024-10-19T21:01:02.988+0000] {local_task_job_runner.py:228} INFO - Task exited with return code 0
[2024-10-19T21:01:03.000+0000] {taskinstance.py:2776} INFO - 0 downstream tasks scheduled from follow-on schedule check
[2024-10-19T21:53:43.888+0000] {taskinstance.py:1157} INFO - Dependencies all met for dep_context=non-requeueable deps ti=<TaskInstance: etl_reddit_pipeline.s3_upload scheduled__2024-10-18T00:00:00+00:00 [queued]>
[2024-10-19T21:53:43.892+0000] {taskinstance.py:1157} INFO - Dependencies all met for dep_context=requeueable deps ti=<TaskInstance: etl_reddit_pipeline.s3_upload scheduled__2024-10-18T00:00:00+00:00 [queued]>
[2024-10-19T21:53:43.892+0000] {taskinstance.py:1359} INFO - Starting attempt 1 of 1
[2024-10-19T21:53:43.896+0000] {taskinstance.py:1380} INFO - Executing <Task(PythonOperator): s3_upload> on 2024-10-18 00:00:00+00:00
[2024-10-19T21:53:43.899+0000] {standard_task_runner.py:57} INFO - Started process 61 to run task
[2024-10-19T21:53:43.902+0000] {standard_task_runner.py:84} INFO - Running: ['airflow', 'tasks', 'run', 'etl_reddit_pipeline', 's3_upload', 'scheduled__2024-10-18T00:00:00+00:00', '--job-id', '5', '--raw', '--subdir', 'DAGS_FOLDER/reddit_dag.py', '--cfg-path', '/tmp/tmpgsn66fqf']
[2024-10-19T21:53:43.904+0000] {standard_task_runner.py:85} INFO - Job 5: Subtask s3_upload
[2024-10-19T21:53:43.923+0000] {task_command.py:415} INFO - Running <TaskInstance: etl_reddit_pipeline.s3_upload scheduled__2024-10-18T00:00:00+00:00 [running]> on host c113a6556633
[2024-10-19T21:53:43.949+0000] {taskinstance.py:1660} INFO - Exporting env vars: AIRFLOW_CTX_DAG_OWNER='Yunus Emre KORKMAZ' AIRFLOW_CTX_DAG_ID='etl_reddit_pipeline' AIRFLOW_CTX_TASK_ID='s3_upload' AIRFLOW_CTX_EXECUTION_DATE='2024-10-18T00:00:00+00:00' AIRFLOW_CTX_TRY_NUMBER='1' AIRFLOW_CTX_DAG_RUN_ID='scheduled__2024-10-18T00:00:00+00:00'
[2024-10-19T21:53:44.534+0000] {logging_mixin.py:151} INFO - Bucket already exists
[2024-10-19T21:53:45.081+0000] {logging_mixin.py:151} INFO - File uploaded to s3
[2024-10-19T21:53:45.083+0000] {python.py:194} INFO - Done. Returned value was: None
[2024-10-19T21:53:45.100+0000] {taskinstance.py:1398} INFO - Marking task as SUCCESS. dag_id=etl_reddit_pipeline, task_id=s3_upload, execution_date=20241018T000000, start_date=20241019T215343, end_date=20241019T215345
[2024-10-19T21:53:45.125+0000] {local_task_job_runner.py:228} INFO - Task exited with return code 0
[2024-10-19T21:53:45.137+0000] {taskinstance.py:2776} INFO - 0 downstream tasks scheduled from follow-on schedule check
