[2024-10-14T00:00:03.309+0000] {taskinstance.py:1157} INFO - Dependencies all met for dep_context=non-requeueable deps ti=<TaskInstance: etl_reddit_pipeline.s3_upload scheduled__2024-10-13T00:00:00+00:00 [queued]>
[2024-10-14T00:00:03.312+0000] {taskinstance.py:1157} INFO - Dependencies all met for dep_context=requeueable deps ti=<TaskInstance: etl_reddit_pipeline.s3_upload scheduled__2024-10-13T00:00:00+00:00 [queued]>
[2024-10-14T00:00:03.313+0000] {taskinstance.py:1359} INFO - Starting attempt 1 of 1
[2024-10-14T00:00:03.317+0000] {taskinstance.py:1380} INFO - Executing <Task(PythonOperator): s3_upload> on 2024-10-13 00:00:00+00:00
[2024-10-14T00:00:03.319+0000] {standard_task_runner.py:57} INFO - Started process 69 to run task
[2024-10-14T00:00:03.321+0000] {standard_task_runner.py:84} INFO - Running: ['airflow', 'tasks', 'run', 'etl_reddit_pipeline', 's3_upload', 'scheduled__2024-10-13T00:00:00+00:00', '--job-id', '7', '--raw', '--subdir', 'DAGS_FOLDER/reddit_dag.py', '--cfg-path', '/tmp/tmp7gbljdy4']
[2024-10-14T00:00:03.323+0000] {standard_task_runner.py:85} INFO - Job 7: Subtask s3_upload
[2024-10-14T00:00:03.341+0000] {task_command.py:415} INFO - Running <TaskInstance: etl_reddit_pipeline.s3_upload scheduled__2024-10-13T00:00:00+00:00 [running]> on host 1191b3b5c992
[2024-10-14T00:00:03.366+0000] {taskinstance.py:1660} INFO - Exporting env vars: AIRFLOW_CTX_DAG_OWNER='Yunus Emre KORKMAZ' AIRFLOW_CTX_DAG_ID='etl_reddit_pipeline' AIRFLOW_CTX_TASK_ID='s3_upload' AIRFLOW_CTX_EXECUTION_DATE='2024-10-13T00:00:00+00:00' AIRFLOW_CTX_TRY_NUMBER='1' AIRFLOW_CTX_DAG_RUN_ID='scheduled__2024-10-13T00:00:00+00:00'
[2024-10-14T00:00:03.996+0000] {logging_mixin.py:151} INFO - Bucket already exists
[2024-10-14T00:00:04.723+0000] {logging_mixin.py:151} INFO - File uploaded to s3
[2024-10-14T00:00:04.724+0000] {python.py:194} INFO - Done. Returned value was: None
[2024-10-14T00:00:04.737+0000] {taskinstance.py:1398} INFO - Marking task as SUCCESS. dag_id=etl_reddit_pipeline, task_id=s3_upload, execution_date=20241013T000000, start_date=20241014T000003, end_date=20241014T000004
[2024-10-14T00:00:04.782+0000] {local_task_job_runner.py:228} INFO - Task exited with return code 0
[2024-10-14T00:00:04.796+0000] {taskinstance.py:2776} INFO - 0 downstream tasks scheduled from follow-on schedule check
[2024-10-14T18:00:48.054+0000] {taskinstance.py:1157} INFO - Dependencies all met for dep_context=non-requeueable deps ti=<TaskInstance: etl_reddit_pipeline.s3_upload scheduled__2024-10-13T00:00:00+00:00 [queued]>
[2024-10-14T18:00:48.058+0000] {taskinstance.py:1157} INFO - Dependencies all met for dep_context=requeueable deps ti=<TaskInstance: etl_reddit_pipeline.s3_upload scheduled__2024-10-13T00:00:00+00:00 [queued]>
[2024-10-14T18:00:48.058+0000] {taskinstance.py:1359} INFO - Starting attempt 1 of 1
[2024-10-14T18:00:48.063+0000] {taskinstance.py:1380} INFO - Executing <Task(PythonOperator): s3_upload> on 2024-10-13 00:00:00+00:00
[2024-10-14T18:00:48.065+0000] {standard_task_runner.py:57} INFO - Started process 53 to run task
[2024-10-14T18:00:48.068+0000] {standard_task_runner.py:84} INFO - Running: ['airflow', 'tasks', 'run', 'etl_reddit_pipeline', 's3_upload', 'scheduled__2024-10-13T00:00:00+00:00', '--job-id', '3', '--raw', '--subdir', 'DAGS_FOLDER/reddit_dag.py', '--cfg-path', '/tmp/tmps3otfqfb']
[2024-10-14T18:00:48.069+0000] {standard_task_runner.py:85} INFO - Job 3: Subtask s3_upload
[2024-10-14T18:00:48.088+0000] {task_command.py:415} INFO - Running <TaskInstance: etl_reddit_pipeline.s3_upload scheduled__2024-10-13T00:00:00+00:00 [running]> on host 13e6ca9e1173
[2024-10-14T18:00:48.115+0000] {taskinstance.py:1660} INFO - Exporting env vars: AIRFLOW_CTX_DAG_OWNER='Yunus Emre KORKMAZ' AIRFLOW_CTX_DAG_ID='etl_reddit_pipeline' AIRFLOW_CTX_TASK_ID='s3_upload' AIRFLOW_CTX_EXECUTION_DATE='2024-10-13T00:00:00+00:00' AIRFLOW_CTX_TRY_NUMBER='1' AIRFLOW_CTX_DAG_RUN_ID='scheduled__2024-10-13T00:00:00+00:00'
[2024-10-14T18:00:48.981+0000] {logging_mixin.py:151} INFO - Bucket already exists
[2024-10-14T18:00:50.661+0000] {logging_mixin.py:151} INFO - File uploaded to s3
[2024-10-14T18:00:50.661+0000] {python.py:194} INFO - Done. Returned value was: None
[2024-10-14T18:00:50.667+0000] {taskinstance.py:1398} INFO - Marking task as SUCCESS. dag_id=etl_reddit_pipeline, task_id=s3_upload, execution_date=20241013T000000, start_date=20241014T180048, end_date=20241014T180050
[2024-10-14T18:00:50.698+0000] {local_task_job_runner.py:228} INFO - Task exited with return code 0
[2024-10-14T18:00:50.713+0000] {taskinstance.py:2776} INFO - 0 downstream tasks scheduled from follow-on schedule check
