[2024-10-20T20:50:30.246+0000] {taskinstance.py:1157} INFO - Dependencies all met for dep_context=non-requeueable deps ti=<TaskInstance: etl_linkedin_pipeline.linkedin_extraction manual__2024-10-20T20:50:29.168891+00:00 [queued]>
[2024-10-20T20:50:30.250+0000] {taskinstance.py:1157} INFO - Dependencies all met for dep_context=requeueable deps ti=<TaskInstance: etl_linkedin_pipeline.linkedin_extraction manual__2024-10-20T20:50:29.168891+00:00 [queued]>
[2024-10-20T20:50:30.250+0000] {taskinstance.py:1359} INFO - Starting attempt 1 of 1
[2024-10-20T20:50:30.255+0000] {taskinstance.py:1380} INFO - Executing <Task(PythonOperator): linkedin_extraction> on 2024-10-20 20:50:29.168891+00:00
[2024-10-20T20:50:30.258+0000] {standard_task_runner.py:57} INFO - Started process 58 to run task
[2024-10-20T20:50:30.259+0000] {standard_task_runner.py:84} INFO - Running: ['airflow', 'tasks', 'run', 'etl_linkedin_pipeline', 'linkedin_extraction', 'manual__2024-10-20T20:50:29.168891+00:00', '--job-id', '4', '--raw', '--subdir', 'DAGS_FOLDER/linkedin_dag.py', '--cfg-path', '/tmp/tmpwjwpbp1z']
[2024-10-20T20:50:30.261+0000] {standard_task_runner.py:85} INFO - Job 4: Subtask linkedin_extraction
[2024-10-20T20:50:30.280+0000] {task_command.py:415} INFO - Running <TaskInstance: etl_linkedin_pipeline.linkedin_extraction manual__2024-10-20T20:50:29.168891+00:00 [running]> on host 8f03c85093c9
[2024-10-20T20:50:30.305+0000] {taskinstance.py:1660} INFO - Exporting env vars: AIRFLOW_CTX_DAG_OWNER='Yunus Emre KORKMAZ' AIRFLOW_CTX_DAG_ID='etl_linkedin_pipeline' AIRFLOW_CTX_TASK_ID='linkedin_extraction' AIRFLOW_CTX_EXECUTION_DATE='2024-10-20T20:50:29.168891+00:00' AIRFLOW_CTX_TRY_NUMBER='1' AIRFLOW_CTX_DAG_RUN_ID='manual__2024-10-20T20:50:29.168891+00:00'
[2024-10-20T20:50:30.306+0000] {logging_mixin.py:151} INFO - config/config.json
[2024-10-20T20:50:30.642+0000] {logging_mixin.py:151} INFO - Finished scraping page:  https://www.linkedin.com/jobs-guest/jobs/api/seeMoreJobPostings/search?keywords=Python%20developer&f_TPR=&f_WT=&geoId=102424322&start=0
[2024-10-20T20:50:31.460+0000] {logging_mixin.py:151} INFO - Finished scraping page:  https://www.linkedin.com/jobs-guest/jobs/api/seeMoreJobPostings/search?keywords=Python%20developer&f_TPR=&f_WT=&geoId=102424322&start=25
[2024-10-20T20:50:31.856+0000] {logging_mixin.py:151} INFO - Finished scraping page:  https://www.linkedin.com/jobs-guest/jobs/api/seeMoreJobPostings/search?keywords=Python%20developer&f_TPR=&f_WT=&geoId=102424322&start=50
[2024-10-20T20:50:32.668+0000] {logging_mixin.py:151} INFO - Finished scraping page:  https://www.linkedin.com/jobs-guest/jobs/api/seeMoreJobPostings/search?keywords=Python%20developer&f_TPR=&f_WT=&geoId=102424322&start=75
[2024-10-20T20:50:33.152+0000] {logging_mixin.py:151} INFO - Finished scraping page:  https://www.linkedin.com/jobs-guest/jobs/api/seeMoreJobPostings/search?keywords=Python%20developer&f_TPR=&f_WT=&geoId=102424322&start=100
[2024-10-20T20:50:33.884+0000] {logging_mixin.py:151} INFO - Finished scraping page:  https://www.linkedin.com/jobs-guest/jobs/api/seeMoreJobPostings/search?keywords=Data%20Engineer&f_TPR=&f_WT=&geoId=102424322&start=0
[2024-10-20T20:50:34.829+0000] {logging_mixin.py:151} INFO - Finished scraping page:  https://www.linkedin.com/jobs-guest/jobs/api/seeMoreJobPostings/search?keywords=Data%20Engineer&f_TPR=&f_WT=&geoId=102424322&start=25
[2024-10-20T20:50:35.648+0000] {logging_mixin.py:151} INFO - Finished scraping page:  https://www.linkedin.com/jobs-guest/jobs/api/seeMoreJobPostings/search?keywords=Data%20Engineer&f_TPR=&f_WT=&geoId=102424322&start=50
[2024-10-20T20:50:35.987+0000] {logging_mixin.py:151} INFO - Finished scraping page:  https://www.linkedin.com/jobs-guest/jobs/api/seeMoreJobPostings/search?keywords=Data%20Engineer&f_TPR=&f_WT=&geoId=102424322&start=75
[2024-10-20T20:50:36.853+0000] {logging_mixin.py:151} INFO - Finished scraping page:  https://www.linkedin.com/jobs-guest/jobs/api/seeMoreJobPostings/search?keywords=Data%20Engineer&f_TPR=&f_WT=&geoId=102424322&start=100
[2024-10-20T20:50:37.192+0000] {logging_mixin.py:151} INFO - Finished scraping page:  https://www.linkedin.com/jobs-guest/jobs/api/seeMoreJobPostings/search?keywords=ML%20Engineer&f_TPR=&f_WT=&geoId=102424322&start=0
[2024-10-20T20:50:37.746+0000] {logging_mixin.py:151} INFO - Finished scraping page:  https://www.linkedin.com/jobs-guest/jobs/api/seeMoreJobPostings/search?keywords=ML%20Engineer&f_TPR=&f_WT=&geoId=102424322&start=25
[2024-10-20T20:50:38.464+0000] {logging_mixin.py:151} INFO - Finished scraping page:  https://www.linkedin.com/jobs-guest/jobs/api/seeMoreJobPostings/search?keywords=ML%20Engineer&f_TPR=&f_WT=&geoId=102424322&start=50
[2024-10-20T20:50:39.028+0000] {logging_mixin.py:151} INFO - Finished scraping page:  https://www.linkedin.com/jobs-guest/jobs/api/seeMoreJobPostings/search?keywords=ML%20Engineer&f_TPR=&f_WT=&geoId=102424322&start=75
[2024-10-20T20:50:39.399+0000] {logging_mixin.py:151} INFO - Finished scraping page:  https://www.linkedin.com/jobs-guest/jobs/api/seeMoreJobPostings/search?keywords=ML%20Engineer&f_TPR=&f_WT=&geoId=102424322&start=100
[2024-10-20T20:50:40.125+0000] {logging_mixin.py:151} INFO - Finished scraping page:  https://www.linkedin.com/jobs-guest/jobs/api/seeMoreJobPostings/search?keywords=AI%20Engineer&f_TPR=&f_WT=&geoId=102424322&start=0
[2024-10-20T20:50:40.849+0000] {logging_mixin.py:151} INFO - Finished scraping page:  https://www.linkedin.com/jobs-guest/jobs/api/seeMoreJobPostings/search?keywords=AI%20Engineer&f_TPR=&f_WT=&geoId=102424322&start=25
[2024-10-20T20:50:41.310+0000] {logging_mixin.py:151} INFO - Finished scraping page:  https://www.linkedin.com/jobs-guest/jobs/api/seeMoreJobPostings/search?keywords=AI%20Engineer&f_TPR=&f_WT=&geoId=102424322&start=50
[2024-10-20T20:50:41.690+0000] {logging_mixin.py:151} INFO - Finished scraping page:  https://www.linkedin.com/jobs-guest/jobs/api/seeMoreJobPostings/search?keywords=AI%20Engineer&f_TPR=&f_WT=&geoId=102424322&start=75
[2024-10-20T20:50:42.023+0000] {logging_mixin.py:151} INFO - Finished scraping page:  https://www.linkedin.com/jobs-guest/jobs/api/seeMoreJobPostings/search?keywords=AI%20Engineer&f_TPR=&f_WT=&geoId=102424322&start=100
[2024-10-20T20:50:42.920+0000] {logging_mixin.py:151} INFO - Finished scraping page:  https://www.linkedin.com/jobs-guest/jobs/api/seeMoreJobPostings/search?keywords=Deep%20Learning%20Engineer&f_TPR=&f_WT=&geoId=102424322&start=0
[2024-10-20T20:50:43.451+0000] {logging_mixin.py:151} INFO - Finished scraping page:  https://www.linkedin.com/jobs-guest/jobs/api/seeMoreJobPostings/search?keywords=Deep%20Learning%20Engineer&f_TPR=&f_WT=&geoId=102424322&start=25
[2024-10-20T20:50:43.993+0000] {logging_mixin.py:151} INFO - Finished scraping page:  https://www.linkedin.com/jobs-guest/jobs/api/seeMoreJobPostings/search?keywords=Deep%20Learning%20Engineer&f_TPR=&f_WT=&geoId=102424322&start=50
[2024-10-20T20:50:44.619+0000] {logging_mixin.py:151} INFO - Finished scraping page:  https://www.linkedin.com/jobs-guest/jobs/api/seeMoreJobPostings/search?keywords=Deep%20Learning%20Engineer&f_TPR=&f_WT=&geoId=102424322&start=75
[2024-10-20T20:50:45.325+0000] {logging_mixin.py:151} INFO - Finished scraping page:  https://www.linkedin.com/jobs-guest/jobs/api/seeMoreJobPostings/search?keywords=Deep%20Learning%20Engineer&f_TPR=&f_WT=&geoId=102424322&start=100
[2024-10-20T20:50:45.327+0000] {logging_mixin.py:151} INFO - Total job cards scraped:  90
[2024-10-20T20:50:45.328+0000] {logging_mixin.py:151} INFO - Total job cards after removing duplicates:  82
[2024-10-20T20:50:45.330+0000] {logging_mixin.py:151} INFO - Total job cards after removing irrelevant jobs:  74
[2024-10-20T20:50:45.331+0000] {logging_mixin.py:151} INFO - Found new job:  AI Engineer at  Coral https://www.linkedin.com/jobs/view/4055423707/
[2024-10-20T20:50:46.192+0000] {logging_mixin.py:151} INFO - Found new job:  Analytics Engineer (İstanbul-Ankara-İzmir) at  Trendyol Group https://www.linkedin.com/jobs/view/4030130018/
[2024-10-20T20:50:47.057+0000] {logging_mixin.py:151} INFO - Found new job:  Associate Data Engineer at  Metyis https://www.linkedin.com/jobs/view/3962786864/
[2024-10-20T20:50:47.442+0000] {logging_mixin.py:151} INFO - Found new job:  Data Analist at  DogGO https://www.linkedin.com/jobs/view/4054884693/
[2024-10-20T20:50:48.250+0000] {logging_mixin.py:151} INFO - Found new job:  Data Analysis Intern at  Revival https://www.linkedin.com/jobs/view/4051803805/
[2024-10-20T20:50:49.046+0000] {logging_mixin.py:151} INFO - Found new job:  Data Analyst at  Codeway https://www.linkedin.com/jobs/view/4010474416/
[2024-10-20T20:50:49.906+0000] {logging_mixin.py:151} INFO - Found new job:  Data Analyst Intern at  Avon https://www.linkedin.com/jobs/view/4044004869/
[2024-10-20T20:50:50.925+0000] {logging_mixin.py:151} INFO - Found new job:  Data Engineer at  Sabanci University https://www.linkedin.com/jobs/view/4047645473/
[2024-10-20T20:50:51.798+0000] {logging_mixin.py:151} INFO - Found new job:  Data Engineer (İstanbul-Ankara-İzmir) at  Trendyol Group https://www.linkedin.com/jobs/view/4030125589/
[2024-10-20T20:50:52.598+0000] {logging_mixin.py:151} INFO - Found new job:  Data Scientist at  Fugo Games https://www.linkedin.com/jobs/view/3980170782/
[2024-10-20T20:50:53.513+0000] {logging_mixin.py:151} INFO - Found new job:  Data Scientist at  Midas Games https://www.linkedin.com/jobs/view/4048404321/
[2024-10-20T20:50:54.390+0000] {logging_mixin.py:151} INFO - Found new job:  Full Stack Software Engineer 'Web Platforms and Innovation Application Development' at  Yapı Kredi Teknoloji https://www.linkedin.com/jobs/view/4048046706/
[2024-10-20T20:50:55.284+0000] {logging_mixin.py:151} INFO - Found new job:  Full-Stack Developer at  Siemens https://www.linkedin.com/jobs/view/4053345428/
[2024-10-20T20:50:56.125+0000] {logging_mixin.py:151} INFO - Found new job:  Fullstack Developer at  Codeway https://www.linkedin.com/jobs/view/3987023042/
[2024-10-20T20:50:56.581+0000] {logging_mixin.py:151} INFO - Found new job:  Generative AI R&D Engineer at  ICterra Information and Communication Technologies https://www.linkedin.com/jobs/view/4047804994/
[2024-10-20T20:50:57.564+0000] {logging_mixin.py:151} INFO - Found new job:  R&D Software Engineer at  Mutlu Akü https://www.linkedin.com/jobs/view/4052029794/
[2024-10-20T20:50:58.567+0000] {logging_mixin.py:151} INFO - Found new job:  Research And Development Engineer 'Applied Data Science' at  Yapı Kredi Teknoloji https://www.linkedin.com/jobs/view/4051472117/
[2024-10-20T20:50:59.406+0000] {logging_mixin.py:151} INFO - Found new job:  Research and Development Engineer 'AI' at  Yapı Kredi Teknoloji https://www.linkedin.com/jobs/view/4050236858/
[2024-10-20T20:51:00.300+0000] {logging_mixin.py:151} INFO - Found new job:  Senior AI-Enhanced BMS Engineer at  BlackTeal Energy https://www.linkedin.com/jobs/view/4052182322/
[2024-10-20T20:51:01.205+0000] {logging_mixin.py:151} INFO - Found new job:  Senior Backend Engineer at  Dataroid https://www.linkedin.com/jobs/view/3916826971/
[2024-10-20T20:51:02.101+0000] {logging_mixin.py:151} INFO - Found new job:  Senior Data Engineer at  HangiKredi https://www.linkedin.com/jobs/view/4047627783/
[2024-10-20T20:51:02.980+0000] {logging_mixin.py:151} INFO - Found new job:  Senior ML Engineer at  KoçDigital https://www.linkedin.com/jobs/view/4050283474/
[2024-10-20T20:51:03.920+0000] {logging_mixin.py:151} INFO - Found new job:  Senior NLP/Machine Learning Engineer at  Orion Innovation Turkey https://www.linkedin.com/jobs/view/4050933769/
[2024-10-20T20:51:04.834+0000] {logging_mixin.py:151} INFO - Found new job:  Senior System Engineer - Sanallaştırma, Veri ve Backup Yönetimi at  DESistem Bilgi Teknolojileri A.Ş. https://www.linkedin.com/jobs/view/4051831870/
[2024-10-20T20:51:05.836+0000] {logging_mixin.py:151} INFO - Found new job:  Site Reliability Engineer at  Kafein Technology Solutions https://www.linkedin.com/jobs/view/4040815654/
[2024-10-20T20:51:06.780+0000] {logging_mixin.py:151} INFO - Found new job:  Software Engineer 'Generative AI' at  Yapı Kredi Teknoloji https://www.linkedin.com/jobs/view/4048015954/
[2024-10-20T20:51:07.803+0000] {logging_mixin.py:151} INFO - Found new job:  Software Engineer, Performance Marketing at  Dream Games https://www.linkedin.com/jobs/view/3930454691/
[2024-10-20T20:51:08.835+0000] {logging_mixin.py:151} INFO - Found new job:  Software Test Engineer at  Akkodis https://www.linkedin.com/jobs/view/4049523205/
[2024-10-20T20:51:09.748+0000] {logging_mixin.py:151} INFO - Total jobs to add:  25
[2024-10-20T20:51:09.749+0000] {logging_mixin.py:151} INFO - 'FILTERED' Total jobs to add:  3
[2024-10-20T20:51:09.755+0000] {python.py:194} INFO - Done. Returned value was: /opt/airflow/data/output/linkedin_20241020.csv
[2024-10-20T20:51:09.764+0000] {taskinstance.py:1398} INFO - Marking task as SUCCESS. dag_id=etl_linkedin_pipeline, task_id=linkedin_extraction, execution_date=20241020T205029, start_date=20241020T205030, end_date=20241020T205109
[2024-10-20T20:51:09.808+0000] {local_task_job_runner.py:228} INFO - Task exited with return code 0
[2024-10-20T20:51:09.817+0000] {taskinstance.py:2776} INFO - 1 downstream tasks scheduled from follow-on schedule check
