[2024-10-14T00:00:00.674+0000] {taskinstance.py:1157} INFO - Dependencies all met for dep_context=non-requeueable deps ti=<TaskInstance: etl_reddit_pipeline.reddit_extraction scheduled__2024-10-13T00:00:00+00:00 [queued]>
[2024-10-14T00:00:00.677+0000] {taskinstance.py:1157} INFO - Dependencies all met for dep_context=requeueable deps ti=<TaskInstance: etl_reddit_pipeline.reddit_extraction scheduled__2024-10-13T00:00:00+00:00 [queued]>
[2024-10-14T00:00:00.677+0000] {taskinstance.py:1359} INFO - Starting attempt 1 of 1
[2024-10-14T00:00:00.682+0000] {taskinstance.py:1380} INFO - Executing <Task(PythonOperator): reddit_extraction> on 2024-10-13 00:00:00+00:00
[2024-10-14T00:00:00.685+0000] {standard_task_runner.py:57} INFO - Started process 66 to run task
[2024-10-14T00:00:00.687+0000] {standard_task_runner.py:84} INFO - Running: ['airflow', 'tasks', 'run', 'etl_reddit_pipeline', 'reddit_extraction', 'scheduled__2024-10-13T00:00:00+00:00', '--job-id', '6', '--raw', '--subdir', 'DAGS_FOLDER/reddit_dag.py', '--cfg-path', '/tmp/tmpp6cqx3o1']
[2024-10-14T00:00:00.688+0000] {standard_task_runner.py:85} INFO - Job 6: Subtask reddit_extraction
[2024-10-14T00:00:00.711+0000] {task_command.py:415} INFO - Running <TaskInstance: etl_reddit_pipeline.reddit_extraction scheduled__2024-10-13T00:00:00+00:00 [running]> on host 1191b3b5c992
[2024-10-14T00:00:00.740+0000] {taskinstance.py:1660} INFO - Exporting env vars: AIRFLOW_CTX_DAG_OWNER='Yunus Emre KORKMAZ' AIRFLOW_CTX_DAG_ID='etl_reddit_pipeline' AIRFLOW_CTX_TASK_ID='reddit_extraction' AIRFLOW_CTX_EXECUTION_DATE='2024-10-13T00:00:00+00:00' AIRFLOW_CTX_TRY_NUMBER='1' AIRFLOW_CTX_DAG_RUN_ID='scheduled__2024-10-13T00:00:00+00:00'
[2024-10-14T00:00:00.742+0000] {logging_mixin.py:151} INFO - connected to reddit!
[2024-10-14T00:00:01.909+0000] {python.py:194} INFO - Done. Returned value was: /opt/airflow/data/output/reddit_20241014.csv
[2024-10-14T00:00:01.923+0000] {taskinstance.py:1398} INFO - Marking task as SUCCESS. dag_id=etl_reddit_pipeline, task_id=reddit_extraction, execution_date=20241013T000000, start_date=20241014T000000, end_date=20241014T000001
[2024-10-14T00:00:01.941+0000] {local_task_job_runner.py:228} INFO - Task exited with return code 0
[2024-10-14T00:00:01.951+0000] {taskinstance.py:2776} INFO - 1 downstream tasks scheduled from follow-on schedule check
[2024-10-14T18:00:45.037+0000] {taskinstance.py:1157} INFO - Dependencies all met for dep_context=non-requeueable deps ti=<TaskInstance: etl_reddit_pipeline.reddit_extraction scheduled__2024-10-13T00:00:00+00:00 [queued]>
[2024-10-14T18:00:45.040+0000] {taskinstance.py:1157} INFO - Dependencies all met for dep_context=requeueable deps ti=<TaskInstance: etl_reddit_pipeline.reddit_extraction scheduled__2024-10-13T00:00:00+00:00 [queued]>
[2024-10-14T18:00:45.040+0000] {taskinstance.py:1359} INFO - Starting attempt 1 of 1
[2024-10-14T18:00:45.045+0000] {taskinstance.py:1380} INFO - Executing <Task(PythonOperator): reddit_extraction> on 2024-10-13 00:00:00+00:00
[2024-10-14T18:00:45.049+0000] {standard_task_runner.py:57} INFO - Started process 50 to run task
[2024-10-14T18:00:45.051+0000] {standard_task_runner.py:84} INFO - Running: ['airflow', 'tasks', 'run', 'etl_reddit_pipeline', 'reddit_extraction', 'scheduled__2024-10-13T00:00:00+00:00', '--job-id', '2', '--raw', '--subdir', 'DAGS_FOLDER/reddit_dag.py', '--cfg-path', '/tmp/tmp2oawogfg']
[2024-10-14T18:00:45.052+0000] {standard_task_runner.py:85} INFO - Job 2: Subtask reddit_extraction
[2024-10-14T18:00:45.074+0000] {task_command.py:415} INFO - Running <TaskInstance: etl_reddit_pipeline.reddit_extraction scheduled__2024-10-13T00:00:00+00:00 [running]> on host 13e6ca9e1173
[2024-10-14T18:00:45.102+0000] {taskinstance.py:1660} INFO - Exporting env vars: AIRFLOW_CTX_DAG_OWNER='Yunus Emre KORKMAZ' AIRFLOW_CTX_DAG_ID='etl_reddit_pipeline' AIRFLOW_CTX_TASK_ID='reddit_extraction' AIRFLOW_CTX_EXECUTION_DATE='2024-10-13T00:00:00+00:00' AIRFLOW_CTX_TRY_NUMBER='1' AIRFLOW_CTX_DAG_RUN_ID='scheduled__2024-10-13T00:00:00+00:00'
[2024-10-14T18:00:45.538+0000] {logging_mixin.py:151} INFO - connected to reddit!
[2024-10-14T18:00:46.942+0000] {python.py:194} INFO - Done. Returned value was: /opt/airflow/data/output/reddit_20241014.csv
[2024-10-14T18:00:46.957+0000] {taskinstance.py:1398} INFO - Marking task as SUCCESS. dag_id=etl_reddit_pipeline, task_id=reddit_extraction, execution_date=20241013T000000, start_date=20241014T180045, end_date=20241014T180046
[2024-10-14T18:00:46.979+0000] {local_task_job_runner.py:228} INFO - Task exited with return code 0
[2024-10-14T18:00:46.991+0000] {taskinstance.py:2776} INFO - 1 downstream tasks scheduled from follow-on schedule check
