[2024-10-19T21:00:58.055+0000] {taskinstance.py:1157} INFO - Dependencies all met for dep_context=non-requeueable deps ti=<TaskInstance: etl_reddit_pipeline.reddit_extraction scheduled__2024-10-18T00:00:00+00:00 [queued]>
[2024-10-19T21:00:58.061+0000] {taskinstance.py:1157} INFO - Dependencies all met for dep_context=requeueable deps ti=<TaskInstance: etl_reddit_pipeline.reddit_extraction scheduled__2024-10-18T00:00:00+00:00 [queued]>
[2024-10-19T21:00:58.061+0000] {taskinstance.py:1359} INFO - Starting attempt 1 of 1
[2024-10-19T21:00:58.069+0000] {taskinstance.py:1380} INFO - Executing <Task(PythonOperator): reddit_extraction> on 2024-10-18 00:00:00+00:00
[2024-10-19T21:00:58.072+0000] {standard_task_runner.py:57} INFO - Started process 68 to run task
[2024-10-19T21:00:58.075+0000] {standard_task_runner.py:84} INFO - Running: ['airflow', 'tasks', 'run', 'etl_reddit_pipeline', 'reddit_extraction', 'scheduled__2024-10-18T00:00:00+00:00', '--job-id', '8', '--raw', '--subdir', 'DAGS_FOLDER/reddit_dag.py', '--cfg-path', '/tmp/tmpu_bchjxz']
[2024-10-19T21:00:58.082+0000] {standard_task_runner.py:85} INFO - Job 8: Subtask reddit_extraction
[2024-10-19T21:00:58.114+0000] {task_command.py:415} INFO - Running <TaskInstance: etl_reddit_pipeline.reddit_extraction scheduled__2024-10-18T00:00:00+00:00 [running]> on host b05e8c546023
[2024-10-19T21:00:58.168+0000] {taskinstance.py:1660} INFO - Exporting env vars: AIRFLOW_CTX_DAG_OWNER='Yunus Emre KORKMAZ' AIRFLOW_CTX_DAG_ID='etl_reddit_pipeline' AIRFLOW_CTX_TASK_ID='reddit_extraction' AIRFLOW_CTX_EXECUTION_DATE='2024-10-18T00:00:00+00:00' AIRFLOW_CTX_TRY_NUMBER='1' AIRFLOW_CTX_DAG_RUN_ID='scheduled__2024-10-18T00:00:00+00:00'
[2024-10-19T21:00:58.452+0000] {logging_mixin.py:151} INFO - connected to reddit!
[2024-10-19T21:00:59.657+0000] {python.py:194} INFO - Done. Returned value was: /opt/airflow/data/output/reddit_20241019.csv
[2024-10-19T21:00:59.669+0000] {taskinstance.py:1398} INFO - Marking task as SUCCESS. dag_id=etl_reddit_pipeline, task_id=reddit_extraction, execution_date=20241018T000000, start_date=20241019T210058, end_date=20241019T210059
[2024-10-19T21:00:59.686+0000] {local_task_job_runner.py:228} INFO - Task exited with return code 0
[2024-10-19T21:00:59.697+0000] {taskinstance.py:2776} INFO - 1 downstream tasks scheduled from follow-on schedule check
[2024-10-19T21:53:41.629+0000] {taskinstance.py:1157} INFO - Dependencies all met for dep_context=non-requeueable deps ti=<TaskInstance: etl_reddit_pipeline.reddit_extraction scheduled__2024-10-18T00:00:00+00:00 [queued]>
[2024-10-19T21:53:41.633+0000] {taskinstance.py:1157} INFO - Dependencies all met for dep_context=requeueable deps ti=<TaskInstance: etl_reddit_pipeline.reddit_extraction scheduled__2024-10-18T00:00:00+00:00 [queued]>
[2024-10-19T21:53:41.633+0000] {taskinstance.py:1359} INFO - Starting attempt 1 of 1
[2024-10-19T21:53:41.637+0000] {taskinstance.py:1380} INFO - Executing <Task(PythonOperator): reddit_extraction> on 2024-10-18 00:00:00+00:00
[2024-10-19T21:53:41.640+0000] {standard_task_runner.py:57} INFO - Started process 58 to run task
[2024-10-19T21:53:41.643+0000] {standard_task_runner.py:84} INFO - Running: ['airflow', 'tasks', 'run', 'etl_reddit_pipeline', 'reddit_extraction', 'scheduled__2024-10-18T00:00:00+00:00', '--job-id', '4', '--raw', '--subdir', 'DAGS_FOLDER/reddit_dag.py', '--cfg-path', '/tmp/tmpg4ef9coz']
[2024-10-19T21:53:41.644+0000] {standard_task_runner.py:85} INFO - Job 4: Subtask reddit_extraction
[2024-10-19T21:53:41.665+0000] {task_command.py:415} INFO - Running <TaskInstance: etl_reddit_pipeline.reddit_extraction scheduled__2024-10-18T00:00:00+00:00 [running]> on host c113a6556633
[2024-10-19T21:53:41.692+0000] {taskinstance.py:1660} INFO - Exporting env vars: AIRFLOW_CTX_DAG_OWNER='Yunus Emre KORKMAZ' AIRFLOW_CTX_DAG_ID='etl_reddit_pipeline' AIRFLOW_CTX_TASK_ID='reddit_extraction' AIRFLOW_CTX_EXECUTION_DATE='2024-10-18T00:00:00+00:00' AIRFLOW_CTX_TRY_NUMBER='1' AIRFLOW_CTX_DAG_RUN_ID='scheduled__2024-10-18T00:00:00+00:00'
[2024-10-19T21:53:41.985+0000] {logging_mixin.py:151} INFO - connected to reddit!
[2024-10-19T21:53:43.245+0000] {python.py:194} INFO - Done. Returned value was: /opt/airflow/data/output/reddit_20241019.csv
[2024-10-19T21:53:43.256+0000] {taskinstance.py:1398} INFO - Marking task as SUCCESS. dag_id=etl_reddit_pipeline, task_id=reddit_extraction, execution_date=20241018T000000, start_date=20241019T215341, end_date=20241019T215343
[2024-10-19T21:53:43.274+0000] {local_task_job_runner.py:228} INFO - Task exited with return code 0
[2024-10-19T21:53:43.283+0000] {taskinstance.py:2776} INFO - 1 downstream tasks scheduled from follow-on schedule check
